2023-05-02 19:28:58,885 INFO o.s.b.StartupInfoLogger [restartedMain] Starting UserServiceApplication using Java 17.0.6 with PID 28828 (/Users/joanjanku/Documents/Online-Cv/user-service/target/classes started by joanjanku in /Users/joanjanku/Documents/Online-Cv/user-service)
2023-05-02 19:28:58,888 DEBUG o.s.b.StartupInfoLogger [restartedMain] Running with Spring Boot v3.0.6, Spring v6.0.8
2023-05-02 19:28:58,888 INFO o.s.b.SpringApplication [restartedMain] No active profile set, falling back to 1 default profile: "default"
2023-05-02 19:28:58,902 INFO o.s.b.l.DeferredLog [restartedMain] Devtools property defaults active! Set 'spring.devtools.add-properties' to 'false' to disable
2023-05-02 19:28:58,902 INFO o.s.b.l.DeferredLog [restartedMain] For additional web related logging consider setting the 'logging.level.web' property to 'DEBUG'
2023-05-02 19:28:59,098 INFO o.s.d.r.c.RepositoryConfigurationDelegate [restartedMain] Bootstrapping Spring Data JPA repositories in DEFAULT mode.
2023-05-02 19:28:59,106 INFO o.s.d.r.c.RepositoryConfigurationDelegate [restartedMain] Finished Spring Data repository scanning in 4 ms. Found 0 JPA repository interfaces.
2023-05-02 19:28:59,289 INFO o.s.b.w.e.t.TomcatWebServer [restartedMain] Tomcat initialized with port(s): 8080 (http)
2023-05-02 19:28:59,292 INFO o.a.j.l.DirectJDKLog [restartedMain] Initializing ProtocolHandler ["http-nio-8080"]
2023-05-02 19:28:59,293 INFO o.a.j.l.DirectJDKLog [restartedMain] Starting service [Tomcat]
2023-05-02 19:28:59,293 INFO o.a.j.l.DirectJDKLog [restartedMain] Starting Servlet engine: [Apache Tomcat/10.1.8]
2023-05-02 19:28:59,315 INFO o.a.j.l.DirectJDKLog [restartedMain] Initializing Spring embedded WebApplicationContext
2023-05-02 19:28:59,316 INFO o.s.b.w.s.c.ServletWebServerApplicationContext [restartedMain] Root WebApplicationContext: initialization completed in 413 ms
2023-05-02 19:28:59,377 INFO o.h.j.i.u.LogHelper [restartedMain] HHH000204: Processing PersistenceUnitInfo [firstName: default]
2023-05-02 19:28:59,395 INFO o.h.Version [restartedMain] HHH000412: Hibernate ORM core version 6.1.7.Final
2023-05-02 19:28:59,486 INFO c.z.h.HikariDataSource [restartedMain] HikariPool-1 - Starting...
2023-05-02 19:28:59,553 INFO c.z.h.p.HikariPool [restartedMain] HikariPool-1 - Added connection org.postgresql.jdbc.PgConnection@7e214b71
2023-05-02 19:28:59,553 INFO c.z.h.HikariDataSource [restartedMain] HikariPool-1 - Start completed.
2023-05-02 19:28:59,561 INFO o.h.e.j.d.i.DialectFactoryImpl [restartedMain] HHH000400: Using dialect: org.hibernate.dialect.PostgreSQL95Dialect
2023-05-02 19:28:59,562 WARN o.h.e.j.d.i.DialectFactoryImpl [restartedMain] HHH90000026: PostgreSQL95Dialect has been deprecated; use org.hibernate.dialect.PostgreSQLDialect instead
2023-05-02 19:28:59,655 INFO o.h.e.t.j.p.i.JtaPlatformInitiator [restartedMain] HHH000490: Using JtaPlatform implementation: [org.hibernate.engine.transaction.jta.platform.internal.NoJtaPlatform]
2023-05-02 19:28:59,659 INFO o.s.o.j.AbstractEntityManagerFactoryBean [restartedMain] Initialized JPA EntityManagerFactory for persistence unit 'default'
2023-05-02 19:28:59,673 WARN o.s.b.a.o.j.JpaBaseConfiguration$JpaWebConfiguration [restartedMain] spring.jpa.open-in-view is enabled by default. Therefore, database queries may be performed during view rendering. Explicitly configure spring.jpa.open-in-view to disable this warning
2023-05-02 19:28:59,800 INFO o.s.b.d.a.OptionalLiveReloadServer [restartedMain] LiveReload server is running on port 35729
2023-05-02 19:28:59,807 INFO o.a.j.l.DirectJDKLog [restartedMain] Starting ProtocolHandler ["http-nio-8080"]
2023-05-02 19:28:59,814 INFO o.s.b.w.e.t.TomcatWebServer [restartedMain] Tomcat started on port(s): 8080 (http) with context path ''
2023-05-02 19:28:59,819 INFO o.s.b.StartupInfoLogger [restartedMain] Started UserServiceApplication in 1.114 seconds (process running for 1.431)
2023-05-02 19:29:05,315 INFO o.s.o.j.AbstractEntityManagerFactoryBean [SpringApplicationShutdownHook] Closing JPA EntityManagerFactory for persistence unit 'default'
2023-05-02 19:29:05,317 INFO c.z.h.HikariDataSource [SpringApplicationShutdownHook] HikariPool-1 - Shutdown initiated...
2023-05-02 19:29:05,318 INFO c.z.h.HikariDataSource [SpringApplicationShutdownHook] HikariPool-1 - Shutdown completed.
